<?xml version="1.0" encoding="UTF-8"?>
<!-- Generated by org.testng.reporters.JUnitReportReporter -->
<testsuite hostname="DESKTOP-2F50667" failures="0" tests="26" name="com.practo.testRunner.TestNGRunner" time="318.910" errors="1" timestamp="2024-03-01T08:53:53 IST" skipped="0">
  <testcase classname="com.practo.testRunner.TestNGRunner" name="runScenario" time="8.102"/>
  <testcase classname="com.practo.testRunner.TestNGRunner" name="runScenario" time="14.039"/>
  <testcase classname="com.practo.testRunner.TestNGRunner" name="runScenario" time="6.034"/>
  <testcase classname="com.practo.testRunner.TestNGRunner" name="runScenario" time="9.786"/>
  <testcase classname="com.practo.testRunner.TestNGRunner" name="runScenario" time="7.375"/>
  <testcase classname="com.practo.testRunner.TestNGRunner" name="runScenario" time="15.470"/>
  <testcase classname="com.practo.testRunner.TestNGRunner" name="runScenario" time="6.379"/>
  <testcase classname="com.practo.testRunner.TestNGRunner" name="runScenario" time="6.023"/>
  <testcase classname="com.practo.testRunner.TestNGRunner" name="runScenario" time="37.919"/>
  <testcase classname="com.practo.testRunner.TestNGRunner" name="runScenario" time="7.662"/>
  <testcase classname="com.practo.testRunner.TestNGRunner" name="runScenario" time="25.326"/>
  <testcase classname="com.practo.testRunner.TestNGRunner" name="runScenario" time="9.128"/>
  <testcase classname="com.practo.testRunner.TestNGRunner" name="runScenario" time="22.313"/>
  <testcase classname="com.practo.testRunner.TestNGRunner" name="runScenario" time="9.298"/>
  <testcase classname="com.practo.testRunner.TestNGRunner" name="runScenario" time="17.052"/>
  <testcase classname="com.practo.testRunner.TestNGRunner" name="runScenario" time="9.839"/>
  <testcase classname="com.practo.testRunner.TestNGRunner" name="runScenario" time="16.551"/>
  <testcase classname="com.practo.testRunner.TestNGRunner" name="runScenario" time="5.769"/>
  <testcase classname="com.practo.testRunner.TestNGRunner" name="runScenario" time="6.563"/>
  <testcase classname="com.practo.testRunner.TestNGRunner" name="runScenario" time="13.281"/>
  <testcase classname="com.practo.testRunner.TestNGRunner" name="runScenario" time="10.021"/>
  <testcase classname="com.practo.testRunner.TestNGRunner" name="runScenario" time="16.426">
    <error message="no such element: Unable to locate element: {&quot;method&quot;:&quot;xpath&quot;,&quot;selector&quot;:&quot;//div[@data-qa-id=&#039;omni-suggestion-main&#039; and text()=&#039;Chennai&#039;]&quot;}
  (Session info: chrome=121.0.6167.189)
For documentation on this error, please visit: https://www.selenium.dev/documentation/webdriver/troubleshooting/errors#no-such-element-exception
Build info: version: &#039;4.15.0&#039;, revision: &#039;1d14b5521b&#039;
System info: os.name: &#039;Windows 11&#039;, os.arch: &#039;amd64&#039;, os.version: &#039;10.0&#039;, java.version: &#039;21.0.1&#039;
Driver info: org.openqa.selenium.chrome.ChromeDriver
Command: [adc5416597c08815ebac96045228db4f, findElement {using=xpath, value=//div[@data-qa-id=&#039;omni-suggestion-main&#039; and text()=&#039;Chennai&#039;]}]
Capabilities {acceptInsecureCerts: false, browserName: chrome, browserVersion: 121.0.6167.189, chrome: {chromedriverVersion: 121.0.6167.184 (057a8ae7deb..., userDataDir: C:\WINDOWS\SystemTemp\scope...}, fedcm:accounts: true, goog:chromeOptions: {debuggerAddress: localhost:58457}, networkConnectionEnabled: false, pageLoadStrategy: normal, platformName: windows, proxy: Proxy(), se:cdp: ws://localhost:58457/devtoo..., se:cdpVersion: 121.0.6167.189, setWindowRect: true, strictFileInteractability: false, timeouts: {implicit: 0, pageLoad: 300000, script: 30000}, unhandledPromptBehavior: dismiss and notify, webauthn:extension:credBlob: true, webauthn:extension:largeBlob: true, webauthn:extension:minPinLength: true, webauthn:extension:prf: true, webauthn:virtualAuthenticators: true}
Session ID: adc5416597c08815ebac96045228db4f" type="org.openqa.selenium.NoSuchElementException">
      <![CDATA[org.openqa.selenium.NoSuchElementException: no such element: Unable to locate element: {"method":"xpath","selector":"//div[@data-qa-id='omni-suggestion-main' and text()='Chennai']"}
  (Session info: chrome=121.0.6167.189)
For documentation on this error, please visit: https://www.selenium.dev/documentation/webdriver/troubleshooting/errors#no-such-element-exception
Build info: version: '4.15.0', revision: '1d14b5521b'
System info: os.name: 'Windows 11', os.arch: 'amd64', os.version: '10.0', java.version: '21.0.1'
Driver info: org.openqa.selenium.chrome.ChromeDriver
Command: [adc5416597c08815ebac96045228db4f, findElement {using=xpath, value=//div[@data-qa-id='omni-suggestion-main' and text()='Chennai']}]
Capabilities {acceptInsecureCerts: false, browserName: chrome, browserVersion: 121.0.6167.189, chrome: {chromedriverVersion: 121.0.6167.184 (057a8ae7deb..., userDataDir: C:\WINDOWS\SystemTemp\scope...}, fedcm:accounts: true, goog:chromeOptions: {debuggerAddress: localhost:58457}, networkConnectionEnabled: false, pageLoadStrategy: normal, platformName: windows, proxy: Proxy(), se:cdp: ws://localhost:58457/devtoo..., se:cdpVersion: 121.0.6167.189, setWindowRect: true, strictFileInteractability: false, timeouts: {implicit: 0, pageLoad: 300000, script: 30000}, unhandledPromptBehavior: dismiss and notify, webauthn:extension:credBlob: true, webauthn:extension:largeBlob: true, webauthn:extension:minPinLength: true, webauthn:extension:prf: true, webauthn:virtualAuthenticators: true}
Session ID: adc5416597c08815ebac96045228db4f
at java.base/jdk.internal.reflect.DirectConstructorHandleAccessor.newInstance(DirectConstructorHandleAccessor.java:62)
at java.base/java.lang.reflect.Constructor.newInstanceWithCaller(Constructor.java:502)
at java.base/java.lang.reflect.Constructor.newInstance(Constructor.java:486)
at org.openqa.selenium.remote.codec.w3c.W3CHttpResponseCodec.createException(W3CHttpResponseCodec.java:200)
at org.openqa.selenium.remote.codec.w3c.W3CHttpResponseCodec.decode(W3CHttpResponseCodec.java:133)
at org.openqa.selenium.remote.codec.w3c.W3CHttpResponseCodec.decode(W3CHttpResponseCodec.java:52)
at org.openqa.selenium.remote.HttpCommandExecutor.execute(HttpCommandExecutor.java:191)
at org.openqa.selenium.remote.service.DriverCommandExecutor.invokeExecute(DriverCommandExecutor.java:200)
at org.openqa.selenium.remote.service.DriverCommandExecutor.execute(DriverCommandExecutor.java:175)
at org.openqa.selenium.remote.RemoteWebDriver.execute(RemoteWebDriver.java:607)
at org.openqa.selenium.remote.ElementLocation$ElementFinder$2.findElement(ElementLocation.java:165)
at org.openqa.selenium.remote.ElementLocation.findElement(ElementLocation.java:59)
at org.openqa.selenium.remote.RemoteWebDriver.findElement(RemoteWebDriver.java:364)
at org.openqa.selenium.remote.RemoteWebDriver.findElement(RemoteWebDriver.java:358)
at org.openqa.selenium.support.pagefactory.DefaultElementLocator.findElement(DefaultElementLocator.java:68)
at org.openqa.selenium.support.pagefactory.internal.LocatingElementHandler.invoke(LocatingElementHandler.java:38)
at jdk.proxy2/jdk.proxy2.$Proxy29.isDisplayed(Unknown Source)
at com.practo.pageObjects.Search.searchForLocation(Search.java:69)
at com.practo.stepDefinitions.SearchSteps.user_selects_location_as(SearchSteps.java:27)
at âœ½.user selects location as "Chennai"(file:///C:/Users/Dell/eclipse-workspace/FindingHospitalsProject.zip_expanded/FindingHospitals/./FeatureFiles/search.feature:33)
]]>
    </error>
  </testcase> <!-- runScenario -->
  <testcase classname="com.practo.testRunner.TestNGRunner" name="runScenario" time="15.339"/>
  <testcase classname="com.practo.testRunner.TestNGRunner" name="runScenario" time="8.048"/>
  <testcase classname="com.practo.testRunner.TestNGRunner" name="runScenario" time="7.123"/>
  <testcase classname="com.practo.testRunner.TestNGRunner" name="runScenario" time="8.044"/>
</testsuite> <!-- com.practo.testRunner.TestNGRunner -->
